2015/06/15 10:22:55 [error] [exception.CException] exception 'CException' with message 'CAssetManager.basePath "/Applications/XAMPP/xamppfiles/htdocs/ctmgr/assets" 是无效的. 请确定它是一个可被 Web server process 写入资料的目录.' in /Applications/XAMPP/xamppfiles/htdocs/yii-1.1.14/web/CAssetManager.php:138
Stack trace:
#0 /Applications/XAMPP/xamppfiles/htdocs/yii-1.1.14/web/CAssetManager.php(123): CAssetManager->setBasePath('/Applications/X...')
#1 /Applications/XAMPP/xamppfiles/htdocs/yii-1.1.14/web/CAssetManager.php(217): CAssetManager->getBasePath()
#2 /Applications/XAMPP/xamppfiles/htdocs/yii-1.1.14/web/helpers/CHtml.php(1295): CAssetManager->publish('/Applications/X...', false)
#3 /Applications/XAMPP/xamppfiles/htdocs/ctmgr/protected/components/widgets/AjaxLinkPager.php(183): CHtml::asset('/Applications/X...')
#4 /Applications/XAMPP/xamppfiles/htdocs/ctmgr/protected/components/widgets/AjaxLinkPager.php(172): AjaxLinkPager::registerCssFile(NULL)
#5 /Applications/XAMPP/xamppfiles/htdocs/ctmgr/protected/components/widgets/AjaxLinkPager.php(87): AjaxLinkPager->registerClientScript()
#6 /Applications/XAMPP/xamppfiles/htdocs/yii-1.1.14/web/CBaseController.php(173): AjaxLinkPager->run()
#7 /Applications/XAMPP/xamppfiles/htdocs/ctmgr/protected/modules/sys/views/workflow/_list.php(61): CBaseController->widget('AjaxLinkPager', Array)
#8 /Applications/XAMPP/xamppfiles/htdocs/yii-1.1.14/web/CBaseController.php(126): require('/Applications/X...')
#9 /Applications/XAMPP/xamppfiles/htdocs/yii-1.1.14/web/CBaseController.php(95): CBaseController->renderInternal('/Applications/X...', Array, true)
#10 /Applications/XAMPP/xamppfiles/htdocs/yii-1.1.14/web/CController.php(870): CBaseController->renderFile('/Applications/X...', Array, true)
#11 /Applications/XAMPP/xamppfiles/htdocs/ctmgr/protected/modules/sys/controllers/WorkflowController.php(51): CController->renderPartial('_list', Array)
#12 /Applications/XAMPP/xamppfiles/htdocs/ctmgr/protected/modules/sys/views/workflow/list.php(86): WorkflowController->actionGrid()
#13 /Applications/XAMPP/xamppfiles/htdocs/yii-1.1.14/web/CBaseController.php(126): require('/Applications/X...')
#14 /Applications/XAMPP/xamppfiles/htdocs/yii-1.1.14/web/CBaseController.php(95): CBaseController->renderInternal('/Applications/X...', NULL, true)
#15 /Applications/XAMPP/xamppfiles/htdocs/yii-1.1.14/web/CController.php(870): CBaseController->renderFile('/Applications/X...', NULL, true)
#16 /Applications/XAMPP/xamppfiles/htdocs/yii-1.1.14/web/CController.php(782): CController->renderPartial('list', NULL, true)
#17 /Applications/XAMPP/xamppfiles/htdocs/ctmgr/protected/modules/sys/controllers/WorkflowController.php(60): CController->render('list')
#18 /Applications/XAMPP/xamppfiles/htdocs/yii-1.1.14/web/actions/CInlineAction.php(49): WorkflowController->actionList()
#19 /Applications/XAMPP/xamppfiles/htdocs/yii-1.1.14/web/CController.php(308): CInlineAction->runWithParams(Array)
#20 /Applications/XAMPP/xamppfiles/htdocs/yii-1.1.14/web/CController.php(286): CController->runAction(Object(CInlineAction))
#21 /Applications/XAMPP/xamppfiles/htdocs/yii-1.1.14/web/CController.php(265): CController->runActionWithFilters(Object(CInlineAction), Array)
#22 /Applications/XAMPP/xamppfiles/htdocs/yii-1.1.14/web/CWebApplication.php(282): CController->run('list')
#23 /Applications/XAMPP/xamppfiles/htdocs/yii-1.1.14/web/CWebApplication.php(141): CWebApplication->runController('sys/workflow/li...')
#24 /Applications/XAMPP/xamppfiles/htdocs/yii-1.1.14/base/CApplication.php(180): CWebApplication->processRequest()
#25 /Applications/XAMPP/xamppfiles/htdocs/ctmgr/index.php(24): CApplication->run()
#26 {main}
REQUEST_URI=/ctmgr/index.php?r=sys/workflow/list
HTTP_REFERER=http://localhost/ctmgr/index.php?r=dboard
---
2015/06/15 10:31:01 [error] [php] fopen(file:///Applications/XAMPP/xamppfiles/htdocs/ctmgr/protected/config/../../attachment/Android000055.pdf): failed to open stream: Permission denied (/Applications/XAMPP/xamppfiles/htdocs/ctmgr/protected/extensions/tcpdf/include/tcpdf_static.php:2440)
Stack trace:
#0 /Applications/XAMPP/xamppfiles/htdocs/ctmgr/protected/modules/license/controllers/LicensepdfController.php(178): TCPDF->Output()
#1 /Applications/XAMPP/xamppfiles/htdocs/yii-1.1.14/web/actions/CInlineAction.php(49): actionDownload()
#2 /Applications/XAMPP/xamppfiles/htdocs/yii-1.1.14/web/CController.php(308): CInlineAction->runWithParams()
#3 /Applications/XAMPP/xamppfiles/htdocs/yii-1.1.14/web/filters/CFilterChain.php(133): LicensepdfController->runAction()
#4 /Applications/XAMPP/xamppfiles/htdocs/yii-1.1.14/web/filters/CFilter.php(40): CFilterChain->run()
#5 /Applications/XAMPP/xamppfiles/htdocs/yii-1.1.14/web/CController.php(1146): CAccessControlFilter->filter()
#6 /Applications/XAMPP/xamppfiles/htdocs/yii-1.1.14/web/filters/CInlineFilter.php(58): LicensepdfController->filterAccessControl()
#7 /Applications/XAMPP/xamppfiles/htdocs/yii-1.1.14/web/filters/CFilterChain.php(130): CInlineFilter->filter()
#8 /Applications/XAMPP/xamppfiles/htdocs/yii-1.1.14/web/CController.php(291): CFilterChain->run()
#9 /Applications/XAMPP/xamppfiles/htdocs/yii-1.1.14/web/CController.php(265): LicensepdfController->runActionWithFilters()
#10 /Applications/XAMPP/xamppfiles/htdocs/yii-1.1.14/web/CWebApplication.php(282): LicensepdfController->run()
#11 /Applications/XAMPP/xamppfiles/htdocs/yii-1.1.14/web/CWebApplication.php(141): CWebApplication->runController()
#12 /Applications/XAMPP/xamppfiles/htdocs/yii-1.1.14/base/CApplication.php(180): CWebApplication->processRequest()
#13 /Applications/XAMPP/xamppfiles/htdocs/ctmgr/index.php(24): CWebApplication->run()
REQUEST_URI=/ctmgr/index.php?r=license/licensepdf/download&apply_id=Android000055
in /Applications/XAMPP/xamppfiles/htdocs/ctmgr/protected/extensions/tcpdf/include/tcpdf_static.php (2440)
in /Applications/XAMPP/xamppfiles/htdocs/ctmgr/protected/extensions/tcpdf/TCPDF.php (7673)
in /Applications/XAMPP/xamppfiles/htdocs/ctmgr/protected/modules/license/controllers/LicensepdfController.php (178)
2015/06/16 10:00:51 [error] [php] Only variables should be passed by reference (/Applications/XAMPP/xamppfiles/htdocs/ctmgr/protected/models/ProgramContractor.php:55)
Stack trace:
#0 /Applications/XAMPP/xamppfiles/htdocs/yii-1.1.14/web/actions/CInlineAction.php(49): DboardController->actionIndex()
#1 /Applications/XAMPP/xamppfiles/htdocs/yii-1.1.14/web/CController.php(308): CInlineAction->runWithParams()
#2 /Applications/XAMPP/xamppfiles/htdocs/yii-1.1.14/web/filters/CFilterChain.php(133): DboardController->runAction()
#3 /Applications/XAMPP/xamppfiles/htdocs/yii-1.1.14/web/filters/CFilter.php(40): CFilterChain->run()
#4 /Applications/XAMPP/xamppfiles/htdocs/yii-1.1.14/web/CController.php(1146): CAccessControlFilter->filter()
#5 /Applications/XAMPP/xamppfiles/htdocs/yii-1.1.14/web/filters/CInlineFilter.php(58): DboardController->filterAccessControl()
#6 /Applications/XAMPP/xamppfiles/htdocs/yii-1.1.14/web/filters/CFilterChain.php(130): CInlineFilter->filter()
#7 /Applications/XAMPP/xamppfiles/htdocs/yii-1.1.14/web/CController.php(291): CFilterChain->run()
#8 /Applications/XAMPP/xamppfiles/htdocs/yii-1.1.14/web/CController.php(265): DboardController->runActionWithFilters()
#9 /Applications/XAMPP/xamppfiles/htdocs/yii-1.1.14/web/CWebApplication.php(282): DboardController->run()
#10 /Applications/XAMPP/xamppfiles/htdocs/yii-1.1.14/web/CWebApplication.php(141): CWebApplication->runController()
#11 /Applications/XAMPP/xamppfiles/htdocs/yii-1.1.14/base/CApplication.php(180): CWebApplication->processRequest()
#12 /Applications/XAMPP/xamppfiles/htdocs/ctmgr/index.php(24): CWebApplication->run()
REQUEST_URI=/ctmgr/index.php?r=dboard
in /Applications/XAMPP/xamppfiles/htdocs/ctmgr/protected/models/ProgramContractor.php (55)
in /Applications/XAMPP/xamppfiles/htdocs/ctmgr/protected/controllers/DboardController.php (58)
in /Applications/XAMPP/xamppfiles/htdocs/ctmgr/protected/controllers/DboardController.php (21)
2015/06/29 14:53:07 [error] [exception.CHttpException.404] exception 'CHttpException' with message 'Unable to resolve the request "gii/module/index".' in /Applications/XAMPP/xamppfiles/htdocs/yii-1.1.14/web/CWebApplication.php:286
Stack trace:
#0 /Applications/XAMPP/xamppfiles/htdocs/yii-1.1.14/web/CWebApplication.php(141): CWebApplication->runController('gii/module/inde...')
#1 /Applications/XAMPP/xamppfiles/htdocs/yii-1.1.14/base/CApplication.php(180): CWebApplication->processRequest()
#2 /Applications/XAMPP/xamppfiles/htdocs/ctmgr/index.php(24): CApplication->run()
#3 {main}
REQUEST_URI=/ctmgr/index.php?r=gii/module/index
---
2015/06/29 14:59:33 [error] [exception.CDbException] exception 'CDbException' with message 'CDbConnection failed to open the DB connection: SQLSTATE[HY000] [1045] Access denied for user 'root'@'localhost' (using password: YES)' in /Applications/XAMPP/xamppfiles/htdocs/yii-1.1.14/db/CDbConnection.php:382
Stack trace:
#0 /Applications/XAMPP/xamppfiles/htdocs/yii-1.1.14/db/CDbConnection.php(330): CDbConnection->open()
#1 /Applications/XAMPP/xamppfiles/htdocs/yii-1.1.14/db/CDbConnection.php(308): CDbConnection->setActive(true)
#2 /Applications/XAMPP/xamppfiles/htdocs/yii-1.1.14/base/CModule.php(387): CDbConnection->init()
#3 /Applications/XAMPP/xamppfiles/htdocs/yii-1.1.14/base/CApplication.php(450): CModule->getComponent('db')
#4 /Applications/XAMPP/xamppfiles/htdocs/yii-1.1.14/db/ar/CActiveRecord.php(634): CApplication->getDb()
#5 /Applications/XAMPP/xamppfiles/htdocs/yii-1.1.14/db/ar/CActiveRecord.php(667): CActiveRecord->getDbConnection()
#6 /Applications/XAMPP/xamppfiles/htdocs/yii-1.1.14/db/ar/CActiveRecord.php(1455): CActiveRecord->getCommandBuilder()
#7 /Applications/XAMPP/xamppfiles/htdocs/ctmgr/protected/components/UserIdentity.php(28): CActiveRecord->find('operator_id=:id...', Array)
#8 /Applications/XAMPP/xamppfiles/htdocs/ctmgr/protected/components/UserIdentity.php(23): UserIdentity->auth_system()
#9 /Applications/XAMPP/xamppfiles/htdocs/ctmgr/protected/controllers/SiteController.php(96): UserIdentity->authenticate()
#10 /Applications/XAMPP/xamppfiles/htdocs/yii-1.1.14/web/actions/CInlineAction.php(49): SiteController->actionLogin()
#11 /Applications/XAMPP/xamppfiles/htdocs/yii-1.1.14/web/CController.php(308): CInlineAction->runWithParams(Array)
#12 /Applications/XAMPP/xamppfiles/htdocs/yii-1.1.14/web/filters/CFilterChain.php(133): CController->runAction(Object(CInlineAction))
#13 /Applications/XAMPP/xamppfiles/htdocs/yii-1.1.14/web/filters/CFilter.php(40): CFilterChain->run()
#14 /Applications/XAMPP/xamppfiles/htdocs/yii-1.1.14/web/CController.php(1146): CFilter->filter(Object(CFilterChain))
#15 /Applications/XAMPP/xamppfiles/htdocs/yii-1.1.14/web/filters/CInlineFilter.php(58): CController->filterAccessControl(Object(CFilterChain))
#16 /Applications/XAMPP/xamppfiles/htdocs/yii-1.1.14/web/filters/CFilterChain.php(130): CInlineFilter->filter(Object(CFilterChain))
#17 /Applications/XAMPP/xamppfiles/htdocs/yii-1.1.14/web/CController.php(291): CFilterChain->run()
#18 /Applications/XAMPP/xamppfiles/htdocs/yii-1.1.14/web/CController.php(265): CController->runActionWithFilters(Object(CInlineAction), Array)
#19 /Applications/XAMPP/xamppfiles/htdocs/yii-1.1.14/web/CWebApplication.php(282): CController->run('login')
#20 /Applications/XAMPP/xamppfiles/htdocs/yii-1.1.14/web/CWebApplication.php(141): CWebApplication->runController('site/login')
#21 /Applications/XAMPP/xamppfiles/htdocs/yii-1.1.14/base/CApplication.php(180): CWebApplication->processRequest()
#22 /Applications/XAMPP/xamppfiles/htdocs/ctmgr/index.php(24): CApplication->run()
#23 {main}
REQUEST_URI=/ctmgr/index.php?r=site/login
HTTP_REFERER=http://localhost/ctmgr/index.php
---
2015/06/29 15:13:38 [error] [exception.CHttpException.404] exception 'CHttpException' with message 'Unable to resolve the request "tbm/meeting/list".' in /Applications/XAMPP/xamppfiles/htdocs/yii-1.1.14/web/CWebApplication.php:286
Stack trace:
#0 /Applications/XAMPP/xamppfiles/htdocs/yii-1.1.14/web/CWebApplication.php(141): CWebApplication->runController('tbm/meeting/lis...')
#1 /Applications/XAMPP/xamppfiles/htdocs/yii-1.1.14/base/CApplication.php(180): CWebApplication->processRequest()
#2 /Applications/XAMPP/xamppfiles/htdocs/ctmgr/index.php(24): CApplication->run()
#3 {main}
REQUEST_URI=/ctmgr/index.php?r=tbm/meeting/list
HTTP_REFERER=http://localhost/ctmgr/index.php?r=license/licensepdf/list
---
2015/06/29 16:08:21 [error] [exception.CHttpException.404] exception 'CHttpException' with message 'Unable to resolve the request "tbm/meeting/list".' in /Applications/XAMPP/xamppfiles/htdocs/yii-1.1.14/web/CWebApplication.php:286
Stack trace:
#0 /Applications/XAMPP/xamppfiles/htdocs/yii-1.1.14/web/CWebApplication.php(141): CWebApplication->runController('tbm/meeting/lis...')
#1 /Applications/XAMPP/xamppfiles/htdocs/yii-1.1.14/base/CApplication.php(180): CWebApplication->processRequest()
#2 /Applications/XAMPP/xamppfiles/htdocs/ctmgr/index.php(24): CApplication->run()
#3 {main}
REQUEST_URI=/ctmgr/index.php?r=tbm/meeting/list
HTTP_REFERER=http://localhost/ctmgr/index.php?r=dboard
---
2015/06/29 16:09:14 [error] [exception.CHttpException.404] exception 'CHttpException' with message 'Unable to resolve the request "tbm/meeting/list".' in /Applications/XAMPP/xamppfiles/htdocs/yii-1.1.14/web/CWebApplication.php:286
Stack trace:
#0 /Applications/XAMPP/xamppfiles/htdocs/yii-1.1.14/web/CWebApplication.php(141): CWebApplication->runController('tbm/meeting/lis...')
#1 /Applications/XAMPP/xamppfiles/htdocs/yii-1.1.14/base/CApplication.php(180): CWebApplication->processRequest()
#2 /Applications/XAMPP/xamppfiles/htdocs/ctmgr/index.php(24): CApplication->run()
#3 {main}
REQUEST_URI=/ctmgr/index.php?r=tbm/meeting/list
HTTP_REFERER=http://localhost/ctmgr/index.php?r=dboard
---
2015/06/29 16:11:18 [error] [exception.CHttpException.404] exception 'CHttpException' with message 'Unable to resolve the request "tbm/meeting/list".' in /Applications/XAMPP/xamppfiles/htdocs/yii-1.1.14/web/CWebApplication.php:286
Stack trace:
#0 /Applications/XAMPP/xamppfiles/htdocs/yii-1.1.14/web/CWebApplication.php(141): CWebApplication->runController('tbm/meeting/lis...')
#1 /Applications/XAMPP/xamppfiles/htdocs/yii-1.1.14/base/CApplication.php(180): CWebApplication->processRequest()
#2 /Applications/XAMPP/xamppfiles/htdocs/ctmgr/index.php(24): CApplication->run()
#3 {main}
REQUEST_URI=/ctmgr/index.php?r=tbm/meeting/list
---
2015/06/29 16:12:19 [error] [exception.CHttpException.404] exception 'CHttpException' with message 'Unable to resolve the request "tbm/meeting/list".' in /Applications/XAMPP/xamppfiles/htdocs/yii-1.1.14/web/CWebApplication.php:286
Stack trace:
#0 /Applications/XAMPP/xamppfiles/htdocs/yii-1.1.14/web/CWebApplication.php(141): CWebApplication->runController('tbm/meeting/lis...')
#1 /Applications/XAMPP/xamppfiles/htdocs/yii-1.1.14/base/CApplication.php(180): CWebApplication->processRequest()
#2 /Applications/XAMPP/xamppfiles/htdocs/ctmgr/index.php(24): CApplication->run()
#3 {main}
REQUEST_URI=/ctmgr/index.php?r=tbm/meeting/list
---
2015/06/29 16:15:42 [error] [exception.CHttpException.404] exception 'CHttpException' with message 'Unable to resolve the request "tbm/meeting/list".' in /Applications/XAMPP/xamppfiles/htdocs/yii-1.1.14/web/CWebApplication.php:286
Stack trace:
#0 /Applications/XAMPP/xamppfiles/htdocs/yii-1.1.14/web/CWebApplication.php(141): CWebApplication->runController('tbm/meeting/lis...')
#1 /Applications/XAMPP/xamppfiles/htdocs/yii-1.1.14/base/CApplication.php(180): CWebApplication->processRequest()
#2 /Applications/XAMPP/xamppfiles/htdocs/ctmgr/index.php(24): CApplication->run()
#3 {main}
REQUEST_URI=/ctmgr/index.php?r=tbm/meeting/list
HTTP_REFERER=http://localhost/ctmgr/index.php?r=sys/workflow/list&app=TBM
---
2015/06/29 16:15:56 [error] [exception.CHttpException.404] exception 'CHttpException' with message 'Unable to resolve the request "tbm/meeting/list".' in /Applications/XAMPP/xamppfiles/htdocs/yii-1.1.14/web/CWebApplication.php:286
Stack trace:
#0 /Applications/XAMPP/xamppfiles/htdocs/yii-1.1.14/web/CWebApplication.php(141): CWebApplication->runController('tbm/meeting/lis...')
#1 /Applications/XAMPP/xamppfiles/htdocs/yii-1.1.14/base/CApplication.php(180): CWebApplication->processRequest()
#2 /Applications/XAMPP/xamppfiles/htdocs/ctmgr/index.php(24): CApplication->run()
#3 {main}
REQUEST_URI=/ctmgr/index.php?r=tbm/meeting/list
HTTP_REFERER=http://localhost/ctmgr/index.php?r=sys/workflow/list&app=TBM
---
2015/06/29 16:54:38 [error] [exception.CException] exception 'CException' with message '属性 "Meeting.apply_id" 未被定义.' in /Applications/XAMPP/xamppfiles/htdocs/yii-1.1.14/base/CComponent.php:130
Stack trace:
#0 /Applications/XAMPP/xamppfiles/htdocs/yii-1.1.14/db/ar/CActiveRecord.php(145): CComponent->__get('apply_id')
#1 /Applications/XAMPP/xamppfiles/htdocs/yii-1.1.14/base/CModel.php(596): CActiveRecord->__get('apply_id')
#2 /Applications/XAMPP/xamppfiles/htdocs/ctmgr/protected/modules/tbm/views/meeting/_list.php(13): CModel->offsetGet('apply_id')
#3 /Applications/XAMPP/xamppfiles/htdocs/yii-1.1.14/web/CBaseController.php(126): require('/Applications/X...')
#4 /Applications/XAMPP/xamppfiles/htdocs/yii-1.1.14/web/CBaseController.php(95): CBaseController->renderInternal('/Applications/X...', Array, true)
#5 /Applications/XAMPP/xamppfiles/htdocs/yii-1.1.14/web/CController.php(870): CBaseController->renderFile('/Applications/X...', Array, true)
#6 /Applications/XAMPP/xamppfiles/htdocs/ctmgr/protected/modules/tbm/controllers/MeetingController.php(56): CController->renderPartial('_list', Array)
#7 /Applications/XAMPP/xamppfiles/htdocs/ctmgr/protected/modules/tbm/views/meeting/list.php(28): MeetingController->actionGrid()
#8 /Applications/XAMPP/xamppfiles/htdocs/yii-1.1.14/web/CBaseController.php(126): require('/Applications/X...')
#9 /Applications/XAMPP/xamppfiles/htdocs/yii-1.1.14/web/CBaseController.php(95): CBaseController->renderInternal('/Applications/X...', NULL, true)
#10 /Applications/XAMPP/xamppfiles/htdocs/yii-1.1.14/web/CController.php(870): CBaseController->renderFile('/Applications/X...', NULL, true)
#11 /Applications/XAMPP/xamppfiles/htdocs/yii-1.1.14/web/CController.php(782): CController->renderPartial('list', NULL, true)
#12 /Applications/XAMPP/xamppfiles/htdocs/ctmgr/protected/modules/tbm/controllers/MeetingController.php(65): CController->render('list')
#13 /Applications/XAMPP/xamppfiles/htdocs/yii-1.1.14/web/actions/CInlineAction.php(49): MeetingController->actionList()
#14 /Applications/XAMPP/xamppfiles/htdocs/yii-1.1.14/web/CController.php(308): CInlineAction->runWithParams(Array)
#15 /Applications/XAMPP/xamppfiles/htdocs/yii-1.1.14/web/CController.php(286): CController->runAction(Object(CInlineAction))
#16 /Applications/XAMPP/xamppfiles/htdocs/yii-1.1.14/web/CController.php(265): CController->runActionWithFilters(Object(CInlineAction), Array)
#17 /Applications/XAMPP/xamppfiles/htdocs/yii-1.1.14/web/CWebApplication.php(282): CController->run('list')
#18 /Applications/XAMPP/xamppfiles/htdocs/yii-1.1.14/web/CWebApplication.php(141): CWebApplication->runController('tbm/meeting/lis...')
#19 /Applications/XAMPP/xamppfiles/htdocs/yii-1.1.14/base/CApplication.php(180): CWebApplication->processRequest()
#20 /Applications/XAMPP/xamppfiles/htdocs/ctmgr/index.php(24): CApplication->run()
#21 {main}
REQUEST_URI=/ctmgr/index.php?r=tbm/meeting/list
HTTP_REFERER=http://localhost/ctmgr/index.php?r=tbm/meeting/list
---
2015/06/29 17:46:48 [error] [php] Invalid argument supplied for foreach() (/Applications/XAMPP/xamppfiles/htdocs/ctmgr/protected/modules/license/controllers/LicensepdfController.php:147)
Stack trace:
#0 /Applications/XAMPP/xamppfiles/htdocs/yii-1.1.14/web/CController.php(286): LicensepdfController->runAction()
#1 /Applications/XAMPP/xamppfiles/htdocs/yii-1.1.14/web/CController.php(265): LicensepdfController->runActionWithFilters()
#2 /Applications/XAMPP/xamppfiles/htdocs/yii-1.1.14/web/CWebApplication.php(282): LicensepdfController->run()
#3 /Applications/XAMPP/xamppfiles/htdocs/yii-1.1.14/web/CWebApplication.php(141): CWebApplication->runController()
#4 /Applications/XAMPP/xamppfiles/htdocs/yii-1.1.14/base/CApplication.php(180): CWebApplication->processRequest()
#5 /Applications/XAMPP/xamppfiles/htdocs/ctmgr/index.php(24): CWebApplication->run()
REQUEST_URI=/ctmgr/index.php?r=license/licensepdf/download&apply_id=54
in /Applications/XAMPP/xamppfiles/htdocs/ctmgr/protected/modules/license/controllers/LicensepdfController.php (147)
in /Applications/XAMPP/xamppfiles/htdocs/ctmgr/index.php (24)
2015/06/29 17:47:42 [error] [php] Invalid argument supplied for foreach() (/Applications/XAMPP/xamppfiles/htdocs/ctmgr/protected/modules/license/controllers/LicensepdfController.php:147)
Stack trace:
#0 /Applications/XAMPP/xamppfiles/htdocs/yii-1.1.14/web/CController.php(286): LicensepdfController->runAction()
#1 /Applications/XAMPP/xamppfiles/htdocs/yii-1.1.14/web/CController.php(265): LicensepdfController->runActionWithFilters()
#2 /Applications/XAMPP/xamppfiles/htdocs/yii-1.1.14/web/CWebApplication.php(282): LicensepdfController->run()
#3 /Applications/XAMPP/xamppfiles/htdocs/yii-1.1.14/web/CWebApplication.php(141): CWebApplication->runController()
#4 /Applications/XAMPP/xamppfiles/htdocs/yii-1.1.14/base/CApplication.php(180): CWebApplication->processRequest()
#5 /Applications/XAMPP/xamppfiles/htdocs/ctmgr/index.php(24): CWebApplication->run()
REQUEST_URI=/ctmgr/index.php?r=license/licensepdf/download&apply_id=54
in /Applications/XAMPP/xamppfiles/htdocs/ctmgr/protected/modules/license/controllers/LicensepdfController.php (147)
in /Applications/XAMPP/xamppfiles/htdocs/ctmgr/index.php (24)
2015/06/30 08:51:14 [error] [exception.CDbException] exception 'CDbException' with message 'CDbConnection failed to open the DB connection: SQLSTATE[HY000] [2002] No such file or directory' in /Applications/XAMPP/xamppfiles/htdocs/yii-1.1.14/db/CDbConnection.php:382
Stack trace:
#0 /Applications/XAMPP/xamppfiles/htdocs/yii-1.1.14/db/CDbConnection.php(330): CDbConnection->open()
#1 /Applications/XAMPP/xamppfiles/htdocs/yii-1.1.14/db/CDbConnection.php(308): CDbConnection->setActive(true)
#2 /Applications/XAMPP/xamppfiles/htdocs/yii-1.1.14/base/CModule.php(387): CDbConnection->init()
#3 /Applications/XAMPP/xamppfiles/htdocs/yii-1.1.14/base/CApplication.php(450): CModule->getComponent('db')
#4 /Applications/XAMPP/xamppfiles/htdocs/yii-1.1.14/db/ar/CActiveRecord.php(634): CApplication->getDb()
#5 /Applications/XAMPP/xamppfiles/htdocs/yii-1.1.14/db/ar/CActiveRecord.php(667): CActiveRecord->getDbConnection()
#6 /Applications/XAMPP/xamppfiles/htdocs/yii-1.1.14/db/ar/CActiveRecord.php(1455): CActiveRecord->getCommandBuilder()
#7 /Applications/XAMPP/xamppfiles/htdocs/ctmgr/protected/components/UserIdentity.php(28): CActiveRecord->find('operator_id=:id...', Array)
#8 /Applications/XAMPP/xamppfiles/htdocs/ctmgr/protected/components/UserIdentity.php(23): UserIdentity->auth_system()
#9 /Applications/XAMPP/xamppfiles/htdocs/ctmgr/protected/controllers/SiteController.php(96): UserIdentity->authenticate()
#10 /Applications/XAMPP/xamppfiles/htdocs/yii-1.1.14/web/actions/CInlineAction.php(49): SiteController->actionLogin()
#11 /Applications/XAMPP/xamppfiles/htdocs/yii-1.1.14/web/CController.php(308): CInlineAction->runWithParams(Array)
#12 /Applications/XAMPP/xamppfiles/htdocs/yii-1.1.14/web/filters/CFilterChain.php(133): CController->runAction(Object(CInlineAction))
#13 /Applications/XAMPP/xamppfiles/htdocs/yii-1.1.14/web/filters/CFilter.php(40): CFilterChain->run()
#14 /Applications/XAMPP/xamppfiles/htdocs/yii-1.1.14/web/CController.php(1146): CFilter->filter(Object(CFilterChain))
#15 /Applications/XAMPP/xamppfiles/htdocs/yii-1.1.14/web/filters/CInlineFilter.php(58): CController->filterAccessControl(Object(CFilterChain))
#16 /Applications/XAMPP/xamppfiles/htdocs/yii-1.1.14/web/filters/CFilterChain.php(130): CInlineFilter->filter(Object(CFilterChain))
#17 /Applications/XAMPP/xamppfiles/htdocs/yii-1.1.14/web/CController.php(291): CFilterChain->run()
#18 /Applications/XAMPP/xamppfiles/htdocs/yii-1.1.14/web/CController.php(265): CController->runActionWithFilters(Object(CInlineAction), Array)
#19 /Applications/XAMPP/xamppfiles/htdocs/yii-1.1.14/web/CWebApplication.php(282): CController->run('login')
#20 /Applications/XAMPP/xamppfiles/htdocs/yii-1.1.14/web/CWebApplication.php(141): CWebApplication->runController('site/login')
#21 /Applications/XAMPP/xamppfiles/htdocs/yii-1.1.14/base/CApplication.php(180): CWebApplication->processRequest()
#22 /Applications/XAMPP/xamppfiles/htdocs/ctmgr/index.php(24): CApplication->run()
#23 {main}
REQUEST_URI=/ctmgr/index.php?r=site/login
HTTP_REFERER=http://localhost/ctmgr/index.php
---
2015/06/30 10:38:12 [error] [system.db.CDbCommand] CDbCommand::fetchColumn() failed: SQLSTATE[42000]: Syntax error or access violation: 1064 You have an error in your SQL syntax; check the manual that corresponds to your MySQL server version for the right syntax to use near 'AND program_id IN (10,11,8) AND status='02'' at line 1. The SQL statement executed was: SELECT COUNT(*) FROM `tbm_meeting_basic` `t` WHERE  AND program_id IN (10,11,8) AND status=:status.
in /Applications/XAMPP/xamppfiles/htdocs/ctmgr/protected/models/Meeting.php (92)
in /Applications/XAMPP/xamppfiles/htdocs/ctmgr/protected/modules/tbm/controllers/MeetingController.php (54)
in /Applications/XAMPP/xamppfiles/htdocs/ctmgr/protected/modules/tbm/views/meeting/list.php (28)
2015/06/30 10:38:12 [error] [exception.CDbException] exception 'CDbException' with message 'CDbCommand 无法执行 SQL 语句: SQLSTATE[42000]: Syntax error or access violation: 1064 You have an error in your SQL syntax; check the manual that corresponds to your MySQL server version for the right syntax to use near 'AND program_id IN (10,11,8) AND status='02'' at line 1. The SQL statement executed was: SELECT COUNT(*) FROM `tbm_meeting_basic` `t` WHERE  AND program_id IN (10,11,8) AND status=:status' in /Applications/XAMPP/xamppfiles/htdocs/yii-1.1.14/db/CDbCommand.php:543
Stack trace:
#0 /Applications/XAMPP/xamppfiles/htdocs/yii-1.1.14/db/CDbCommand.php(433): CDbCommand->queryInternal('fetchColumn', 0, Array)
#1 /Applications/XAMPP/xamppfiles/htdocs/yii-1.1.14/db/ar/CActiveRecord.php(1601): CDbCommand->queryScalar()
#2 /Applications/XAMPP/xamppfiles/htdocs/ctmgr/protected/models/Meeting.php(92): CActiveRecord->count(' AND program_id...', Array)
#3 /Applications/XAMPP/xamppfiles/htdocs/ctmgr/protected/modules/tbm/controllers/MeetingController.php(54): Meeting::queryList(0, 20, Array)
#4 /Applications/XAMPP/xamppfiles/htdocs/ctmgr/protected/modules/tbm/views/meeting/list.php(28): MeetingController->actionGrid()
#5 /Applications/XAMPP/xamppfiles/htdocs/yii-1.1.14/web/CBaseController.php(126): require('/Applications/X...')
#6 /Applications/XAMPP/xamppfiles/htdocs/yii-1.1.14/web/CBaseController.php(95): CBaseController->renderInternal('/Applications/X...', NULL, true)
#7 /Applications/XAMPP/xamppfiles/htdocs/yii-1.1.14/web/CController.php(870): CBaseController->renderFile('/Applications/X...', NULL, true)
#8 /Applications/XAMPP/xamppfiles/htdocs/yii-1.1.14/web/CController.php(782): CController->renderPartial('list', NULL, true)
#9 /Applications/XAMPP/xamppfiles/htdocs/ctmgr/protected/modules/tbm/controllers/MeetingController.php(64): CController->render('list')
#10 /Applications/XAMPP/xamppfiles/htdocs/yii-1.1.14/web/actions/CInlineAction.php(49): MeetingController->actionList()
#11 /Applications/XAMPP/xamppfiles/htdocs/yii-1.1.14/web/CController.php(308): CInlineAction->runWithParams(Array)
#12 /Applications/XAMPP/xamppfiles/htdocs/yii-1.1.14/web/CController.php(286): CController->runAction(Object(CInlineAction))
#13 /Applications/XAMPP/xamppfiles/htdocs/yii-1.1.14/web/CController.php(265): CController->runActionWithFilters(Object(CInlineAction), Array)
#14 /Applications/XAMPP/xamppfiles/htdocs/yii-1.1.14/web/CWebApplication.php(282): CController->run('list')
#15 /Applications/XAMPP/xamppfiles/htdocs/yii-1.1.14/web/CWebApplication.php(141): CWebApplication->runController('tbm/meeting/lis...')
#16 /Applications/XAMPP/xamppfiles/htdocs/yii-1.1.14/base/CApplication.php(180): CWebApplication->processRequest()
#17 /Applications/XAMPP/xamppfiles/htdocs/ctmgr/index.php(24): CApplication->run()
#18 {main}
REQUEST_URI=/ctmgr/index.php?r=tbm/meeting/list
HTTP_REFERER=http://localhost/ctmgr/index.php?r=dboard
---
2015/06/30 10:38:21 [error] [system.db.CDbCommand] CDbCommand::fetchColumn() failed: SQLSTATE[42000]: Syntax error or access violation: 1064 You have an error in your SQL syntax; check the manual that corresponds to your MySQL server version for the right syntax to use near 'AND program_id IN (10,11,8) AND status='02'' at line 1. The SQL statement executed was: SELECT COUNT(*) FROM `tbm_meeting_basic` `t` WHERE  AND program_id IN (10,11,8) AND status=:status.
in /Applications/XAMPP/xamppfiles/htdocs/ctmgr/protected/models/Meeting.php (92)
in /Applications/XAMPP/xamppfiles/htdocs/ctmgr/protected/modules/tbm/controllers/MeetingController.php (54)
in /Applications/XAMPP/xamppfiles/htdocs/ctmgr/protected/modules/tbm/views/meeting/list.php (28)
2015/06/30 10:38:21 [error] [exception.CDbException] exception 'CDbException' with message 'CDbCommand 无法执行 SQL 语句: SQLSTATE[42000]: Syntax error or access violation: 1064 You have an error in your SQL syntax; check the manual that corresponds to your MySQL server version for the right syntax to use near 'AND program_id IN (10,11,8) AND status='02'' at line 1. The SQL statement executed was: SELECT COUNT(*) FROM `tbm_meeting_basic` `t` WHERE  AND program_id IN (10,11,8) AND status=:status' in /Applications/XAMPP/xamppfiles/htdocs/yii-1.1.14/db/CDbCommand.php:543
Stack trace:
#0 /Applications/XAMPP/xamppfiles/htdocs/yii-1.1.14/db/CDbCommand.php(433): CDbCommand->queryInternal('fetchColumn', 0, Array)
#1 /Applications/XAMPP/xamppfiles/htdocs/yii-1.1.14/db/ar/CActiveRecord.php(1601): CDbCommand->queryScalar()
#2 /Applications/XAMPP/xamppfiles/htdocs/ctmgr/protected/models/Meeting.php(92): CActiveRecord->count(' AND program_id...', Array)
#3 /Applications/XAMPP/xamppfiles/htdocs/ctmgr/protected/modules/tbm/controllers/MeetingController.php(54): Meeting::queryList(0, 20, Array)
#4 /Applications/XAMPP/xamppfiles/htdocs/ctmgr/protected/modules/tbm/views/meeting/list.php(28): MeetingController->actionGrid()
#5 /Applications/XAMPP/xamppfiles/htdocs/yii-1.1.14/web/CBaseController.php(126): require('/Applications/X...')
#6 /Applications/XAMPP/xamppfiles/htdocs/yii-1.1.14/web/CBaseController.php(95): CBaseController->renderInternal('/Applications/X...', NULL, true)
#7 /Applications/XAMPP/xamppfiles/htdocs/yii-1.1.14/web/CController.php(870): CBaseController->renderFile('/Applications/X...', NULL, true)
#8 /Applications/XAMPP/xamppfiles/htdocs/yii-1.1.14/web/CController.php(782): CController->renderPartial('list', NULL, true)
#9 /Applications/XAMPP/xamppfiles/htdocs/ctmgr/protected/modules/tbm/controllers/MeetingController.php(64): CController->render('list')
#10 /Applications/XAMPP/xamppfiles/htdocs/yii-1.1.14/web/actions/CInlineAction.php(49): MeetingController->actionList()
#11 /Applications/XAMPP/xamppfiles/htdocs/yii-1.1.14/web/CController.php(308): CInlineAction->runWithParams(Array)
#12 /Applications/XAMPP/xamppfiles/htdocs/yii-1.1.14/web/CController.php(286): CController->runAction(Object(CInlineAction))
#13 /Applications/XAMPP/xamppfiles/htdocs/yii-1.1.14/web/CController.php(265): CController->runActionWithFilters(Object(CInlineAction), Array)
#14 /Applications/XAMPP/xamppfiles/htdocs/yii-1.1.14/web/CWebApplication.php(282): CController->run('list')
#15 /Applications/XAMPP/xamppfiles/htdocs/yii-1.1.14/web/CWebApplication.php(141): CWebApplication->runController('tbm/meeting/lis...')
#16 /Applications/XAMPP/xamppfiles/htdocs/yii-1.1.14/base/CApplication.php(180): CWebApplication->processRequest()
#17 /Applications/XAMPP/xamppfiles/htdocs/ctmgr/index.php(24): CApplication->run()
#18 {main}
REQUEST_URI=/ctmgr/index.php?r=tbm/meeting/list
HTTP_REFERER=http://localhost/ctmgr/index.php?r=license/licensepdf/list
---
2015/06/30 10:39:20 [error] [system.db.CDbCommand] CDbCommand::fetchColumn() failed: SQLSTATE[42000]: Syntax error or access violation: 1064 You have an error in your SQL syntax; check the manual that corresponds to your MySQL server version for the right syntax to use near 'AND program_id IN (10,11,8) AND status='02'' at line 1. The SQL statement executed was: SELECT COUNT(*) FROM `tbm_meeting_basic` `t` WHERE  AND program_id IN (10,11,8) AND status=:status.
in /Applications/XAMPP/xamppfiles/htdocs/ctmgr/protected/models/Meeting.php (95)
in /Applications/XAMPP/xamppfiles/htdocs/ctmgr/protected/modules/tbm/controllers/MeetingController.php (54)
in /Applications/XAMPP/xamppfiles/htdocs/ctmgr/protected/modules/tbm/views/meeting/list.php (28)
2015/06/30 10:39:20 [error] [exception.CDbException] exception 'CDbException' with message 'CDbCommand 无法执行 SQL 语句: SQLSTATE[42000]: Syntax error or access violation: 1064 You have an error in your SQL syntax; check the manual that corresponds to your MySQL server version for the right syntax to use near 'AND program_id IN (10,11,8) AND status='02'' at line 1. The SQL statement executed was: SELECT COUNT(*) FROM `tbm_meeting_basic` `t` WHERE  AND program_id IN (10,11,8) AND status=:status' in /Applications/XAMPP/xamppfiles/htdocs/yii-1.1.14/db/CDbCommand.php:543
Stack trace:
#0 /Applications/XAMPP/xamppfiles/htdocs/yii-1.1.14/db/CDbCommand.php(433): CDbCommand->queryInternal('fetchColumn', 0, Array)
#1 /Applications/XAMPP/xamppfiles/htdocs/yii-1.1.14/db/ar/CActiveRecord.php(1601): CDbCommand->queryScalar()
#2 /Applications/XAMPP/xamppfiles/htdocs/ctmgr/protected/models/Meeting.php(95): CActiveRecord->count(' AND program_id...', Array)
#3 /Applications/XAMPP/xamppfiles/htdocs/ctmgr/protected/modules/tbm/controllers/MeetingController.php(54): Meeting::queryList(0, 20, Array)
#4 /Applications/XAMPP/xamppfiles/htdocs/ctmgr/protected/modules/tbm/views/meeting/list.php(28): MeetingController->actionGrid()
#5 /Applications/XAMPP/xamppfiles/htdocs/yii-1.1.14/web/CBaseController.php(126): require('/Applications/X...')
#6 /Applications/XAMPP/xamppfiles/htdocs/yii-1.1.14/web/CBaseController.php(95): CBaseController->renderInternal('/Applications/X...', NULL, true)
#7 /Applications/XAMPP/xamppfiles/htdocs/yii-1.1.14/web/CController.php(870): CBaseController->renderFile('/Applications/X...', NULL, true)
#8 /Applications/XAMPP/xamppfiles/htdocs/yii-1.1.14/web/CController.php(782): CController->renderPartial('list', NULL, true)
#9 /Applications/XAMPP/xamppfiles/htdocs/ctmgr/protected/modules/tbm/controllers/MeetingController.php(64): CController->render('list')
#10 /Applications/XAMPP/xamppfiles/htdocs/yii-1.1.14/web/actions/CInlineAction.php(49): MeetingController->actionList()
#11 /Applications/XAMPP/xamppfiles/htdocs/yii-1.1.14/web/CController.php(308): CInlineAction->runWithParams(Array)
#12 /Applications/XAMPP/xamppfiles/htdocs/yii-1.1.14/web/CController.php(286): CController->runAction(Object(CInlineAction))
#13 /Applications/XAMPP/xamppfiles/htdocs/yii-1.1.14/web/CController.php(265): CController->runActionWithFilters(Object(CInlineAction), Array)
#14 /Applications/XAMPP/xamppfiles/htdocs/yii-1.1.14/web/CWebApplication.php(282): CController->run('list')
#15 /Applications/XAMPP/xamppfiles/htdocs/yii-1.1.14/web/CWebApplication.php(141): CWebApplication->runController('tbm/meeting/lis...')
#16 /Applications/XAMPP/xamppfiles/htdocs/yii-1.1.14/base/CApplication.php(180): CWebApplication->processRequest()
#17 /Applications/XAMPP/xamppfiles/htdocs/ctmgr/index.php(24): CApplication->run()
#18 {main}
REQUEST_URI=/ctmgr/index.php?r=tbm/meeting/list
HTTP_REFERER=http://localhost/ctmgr/index.php?r=license/licensepdf/list
---
2015/06/30 10:53:54 [error] [exception.CHttpException.404] exception 'CHttpException' with message 'Unable to resolve the request "logout".' in /Applications/XAMPP/xamppfiles/htdocs/yii-1.1.14/web/CWebApplication.php:286
Stack trace:
#0 /Applications/XAMPP/xamppfiles/htdocs/yii-1.1.14/web/CWebApplication.php(141): CWebApplication->runController('logout')
#1 /Applications/XAMPP/xamppfiles/htdocs/yii-1.1.14/base/CApplication.php(180): CWebApplication->processRequest()
#2 /Applications/XAMPP/xamppfiles/htdocs/ctmgr/index.php(24): CApplication->run()
#3 {main}
REQUEST_URI=/ctmgr/index.php?r=logout
---
2015/06/30 10:55:09 [error] [system.db.CDbCommand] CDbCommand::fetchColumn() failed: SQLSTATE[42000]: Syntax error or access violation: 1064 You have an error in your SQL syntax; check the manual that corresponds to your MySQL server version for the right syntax to use near 'AND program_id IN (8,10,11,12,13) AND status='02'' at line 1. The SQL statement executed was: SELECT COUNT(*) FROM `tbm_meeting_basic` `t` WHERE  AND program_id IN (8,10,11,12,13) AND status=:status.
in /Applications/XAMPP/xamppfiles/htdocs/ctmgr/protected/models/Meeting.php (93)
in /Applications/XAMPP/xamppfiles/htdocs/ctmgr/protected/modules/tbm/controllers/MeetingController.php (56)
in /Applications/XAMPP/xamppfiles/htdocs/ctmgr/protected/modules/tbm/views/meeting/list.php (28)
2015/06/30 10:55:09 [error] [exception.CDbException] exception 'CDbException' with message 'CDbCommand 无法执行 SQL 语句: SQLSTATE[42000]: Syntax error or access violation: 1064 You have an error in your SQL syntax; check the manual that corresponds to your MySQL server version for the right syntax to use near 'AND program_id IN (8,10,11,12,13) AND status='02'' at line 1. The SQL statement executed was: SELECT COUNT(*) FROM `tbm_meeting_basic` `t` WHERE  AND program_id IN (8,10,11,12,13) AND status=:status' in /Applications/XAMPP/xamppfiles/htdocs/yii-1.1.14/db/CDbCommand.php:543
Stack trace:
#0 /Applications/XAMPP/xamppfiles/htdocs/yii-1.1.14/db/CDbCommand.php(433): CDbCommand->queryInternal('fetchColumn', 0, Array)
#1 /Applications/XAMPP/xamppfiles/htdocs/yii-1.1.14/db/ar/CActiveRecord.php(1601): CDbCommand->queryScalar()
#2 /Applications/XAMPP/xamppfiles/htdocs/ctmgr/protected/models/Meeting.php(93): CActiveRecord->count(' AND program_id...', Array)
#3 /Applications/XAMPP/xamppfiles/htdocs/ctmgr/protected/modules/tbm/controllers/MeetingController.php(56): Meeting::queryList(0, 20, Array)
#4 /Applications/XAMPP/xamppfiles/htdocs/ctmgr/protected/modules/tbm/views/meeting/list.php(28): MeetingController->actionGrid()
#5 /Applications/XAMPP/xamppfiles/htdocs/yii-1.1.14/web/CBaseController.php(126): require('/Applications/X...')
#6 /Applications/XAMPP/xamppfiles/htdocs/yii-1.1.14/web/CBaseController.php(95): CBaseController->renderInternal('/Applications/X...', NULL, true)
#7 /Applications/XAMPP/xamppfiles/htdocs/yii-1.1.14/web/CController.php(870): CBaseController->renderFile('/Applications/X...', NULL, true)
#8 /Applications/XAMPP/xamppfiles/htdocs/yii-1.1.14/web/CController.php(782): CController->renderPartial('list', NULL, true)
#9 /Applications/XAMPP/xamppfiles/htdocs/ctmgr/protected/modules/tbm/controllers/MeetingController.php(66): CController->render('list')
#10 /Applications/XAMPP/xamppfiles/htdocs/yii-1.1.14/web/actions/CInlineAction.php(49): MeetingController->actionList()
#11 /Applications/XAMPP/xamppfiles/htdocs/yii-1.1.14/web/CController.php(308): CInlineAction->runWithParams(Array)
#12 /Applications/XAMPP/xamppfiles/htdocs/yii-1.1.14/web/CController.php(286): CController->runAction(Object(CInlineAction))
#13 /Applications/XAMPP/xamppfiles/htdocs/yii-1.1.14/web/CController.php(265): CController->runActionWithFilters(Object(CInlineAction), Array)
#14 /Applications/XAMPP/xamppfiles/htdocs/yii-1.1.14/web/CWebApplication.php(282): CController->run('list')
#15 /Applications/XAMPP/xamppfiles/htdocs/yii-1.1.14/web/CWebApplication.php(141): CWebApplication->runController('tbm/meeting/lis...')
#16 /Applications/XAMPP/xamppfiles/htdocs/yii-1.1.14/base/CApplication.php(180): CWebApplication->processRequest()
#17 /Applications/XAMPP/xamppfiles/htdocs/ctmgr/index.php(24): CApplication->run()
#18 {main}
REQUEST_URI=/ctmgr/index.php?r=tbm/meeting/list
HTTP_REFERER=http://localhost/ctmgr/index.php?r=dboard
---
2015/06/30 10:55:50 [error] [system.db.CDbCommand] CDbCommand::fetchColumn() failed: SQLSTATE[42000]: Syntax error or access violation: 1064 You have an error in your SQL syntax; check the manual that corresponds to your MySQL server version for the right syntax to use near 'AND program_id IN (8,10,11,12,13) AND status='02'' at line 1. The SQL statement executed was: SELECT COUNT(*) FROM `tbm_meeting_basic` `t` WHERE  AND program_id IN (8,10,11,12,13) AND status=:status.
in /Applications/XAMPP/xamppfiles/htdocs/ctmgr/protected/models/Meeting.php (93)
in /Applications/XAMPP/xamppfiles/htdocs/ctmgr/protected/modules/tbm/controllers/MeetingController.php (56)
in /Applications/XAMPP/xamppfiles/htdocs/ctmgr/protected/modules/tbm/views/meeting/list.php (28)
2015/06/30 10:55:50 [error] [exception.CDbException] exception 'CDbException' with message 'CDbCommand 无法执行 SQL 语句: SQLSTATE[42000]: Syntax error or access violation: 1064 You have an error in your SQL syntax; check the manual that corresponds to your MySQL server version for the right syntax to use near 'AND program_id IN (8,10,11,12,13) AND status='02'' at line 1. The SQL statement executed was: SELECT COUNT(*) FROM `tbm_meeting_basic` `t` WHERE  AND program_id IN (8,10,11,12,13) AND status=:status' in /Applications/XAMPP/xamppfiles/htdocs/yii-1.1.14/db/CDbCommand.php:543
Stack trace:
#0 /Applications/XAMPP/xamppfiles/htdocs/yii-1.1.14/db/CDbCommand.php(433): CDbCommand->queryInternal('fetchColumn', 0, Array)
#1 /Applications/XAMPP/xamppfiles/htdocs/yii-1.1.14/db/ar/CActiveRecord.php(1601): CDbCommand->queryScalar()
#2 /Applications/XAMPP/xamppfiles/htdocs/ctmgr/protected/models/Meeting.php(93): CActiveRecord->count(' AND program_id...', Array)
#3 /Applications/XAMPP/xamppfiles/htdocs/ctmgr/protected/modules/tbm/controllers/MeetingController.php(56): Meeting::queryList(0, 20, Array)
#4 /Applications/XAMPP/xamppfiles/htdocs/ctmgr/protected/modules/tbm/views/meeting/list.php(28): MeetingController->actionGrid()
#5 /Applications/XAMPP/xamppfiles/htdocs/yii-1.1.14/web/CBaseController.php(126): require('/Applications/X...')
#6 /Applications/XAMPP/xamppfiles/htdocs/yii-1.1.14/web/CBaseController.php(95): CBaseController->renderInternal('/Applications/X...', NULL, true)
#7 /Applications/XAMPP/xamppfiles/htdocs/yii-1.1.14/web/CController.php(870): CBaseController->renderFile('/Applications/X...', NULL, true)
#8 /Applications/XAMPP/xamppfiles/htdocs/yii-1.1.14/web/CController.php(782): CController->renderPartial('list', NULL, true)
#9 /Applications/XAMPP/xamppfiles/htdocs/ctmgr/protected/modules/tbm/controllers/MeetingController.php(66): CController->render('list')
#10 /Applications/XAMPP/xamppfiles/htdocs/yii-1.1.14/web/actions/CInlineAction.php(49): MeetingController->actionList()
#11 /Applications/XAMPP/xamppfiles/htdocs/yii-1.1.14/web/CController.php(308): CInlineAction->runWithParams(Array)
#12 /Applications/XAMPP/xamppfiles/htdocs/yii-1.1.14/web/CController.php(286): CController->runAction(Object(CInlineAction))
#13 /Applications/XAMPP/xamppfiles/htdocs/yii-1.1.14/web/CController.php(265): CController->runActionWithFilters(Object(CInlineAction), Array)
#14 /Applications/XAMPP/xamppfiles/htdocs/yii-1.1.14/web/CWebApplication.php(282): CController->run('list')
#15 /Applications/XAMPP/xamppfiles/htdocs/yii-1.1.14/web/CWebApplication.php(141): CWebApplication->runController('tbm/meeting/lis...')
#16 /Applications/XAMPP/xamppfiles/htdocs/yii-1.1.14/base/CApplication.php(180): CWebApplication->processRequest()
#17 /Applications/XAMPP/xamppfiles/htdocs/ctmgr/index.php(24): CApplication->run()
#18 {main}
REQUEST_URI=/ctmgr/index.php?r=tbm/meeting/list
HTTP_REFERER=http://localhost/ctmgr/index.php?r=dboard
---
2015/06/30 10:56:20 [error] [system.db.CDbCommand] CDbCommand::fetchColumn() failed: SQLSTATE[42000]: Syntax error or access violation: 1064 You have an error in your SQL syntax; check the manual that corresponds to your MySQL server version for the right syntax to use near 'AND program_id IN (8,10,11,12,13) AND status='02'' at line 1. The SQL statement executed was: SELECT COUNT(*) FROM `tbm_meeting_basic` `t` WHERE  AND program_id IN (8,10,11,12,13) AND status=:status.
in /Applications/XAMPP/xamppfiles/htdocs/ctmgr/protected/models/Meeting.php (96)
in /Applications/XAMPP/xamppfiles/htdocs/ctmgr/protected/modules/tbm/controllers/MeetingController.php (56)
in /Applications/XAMPP/xamppfiles/htdocs/ctmgr/protected/modules/tbm/views/meeting/list.php (28)
2015/06/30 10:56:20 [error] [exception.CDbException] exception 'CDbException' with message 'CDbCommand 无法执行 SQL 语句: SQLSTATE[42000]: Syntax error or access violation: 1064 You have an error in your SQL syntax; check the manual that corresponds to your MySQL server version for the right syntax to use near 'AND program_id IN (8,10,11,12,13) AND status='02'' at line 1. The SQL statement executed was: SELECT COUNT(*) FROM `tbm_meeting_basic` `t` WHERE  AND program_id IN (8,10,11,12,13) AND status=:status' in /Applications/XAMPP/xamppfiles/htdocs/yii-1.1.14/db/CDbCommand.php:543
Stack trace:
#0 /Applications/XAMPP/xamppfiles/htdocs/yii-1.1.14/db/CDbCommand.php(433): CDbCommand->queryInternal('fetchColumn', 0, Array)
#1 /Applications/XAMPP/xamppfiles/htdocs/yii-1.1.14/db/ar/CActiveRecord.php(1601): CDbCommand->queryScalar()
#2 /Applications/XAMPP/xamppfiles/htdocs/ctmgr/protected/models/Meeting.php(96): CActiveRecord->count(' AND program_id...', Array)
#3 /Applications/XAMPP/xamppfiles/htdocs/ctmgr/protected/modules/tbm/controllers/MeetingController.php(56): Meeting::queryList(0, 20, Array)
#4 /Applications/XAMPP/xamppfiles/htdocs/ctmgr/protected/modules/tbm/views/meeting/list.php(28): MeetingController->actionGrid()
#5 /Applications/XAMPP/xamppfiles/htdocs/yii-1.1.14/web/CBaseController.php(126): require('/Applications/X...')
#6 /Applications/XAMPP/xamppfiles/htdocs/yii-1.1.14/web/CBaseController.php(95): CBaseController->renderInternal('/Applications/X...', NULL, true)
#7 /Applications/XAMPP/xamppfiles/htdocs/yii-1.1.14/web/CController.php(870): CBaseController->renderFile('/Applications/X...', NULL, true)
#8 /Applications/XAMPP/xamppfiles/htdocs/yii-1.1.14/web/CController.php(782): CController->renderPartial('list', NULL, true)
#9 /Applications/XAMPP/xamppfiles/htdocs/ctmgr/protected/modules/tbm/controllers/MeetingController.php(66): CController->render('list')
#10 /Applications/XAMPP/xamppfiles/htdocs/yii-1.1.14/web/actions/CInlineAction.php(49): MeetingController->actionList()
#11 /Applications/XAMPP/xamppfiles/htdocs/yii-1.1.14/web/CController.php(308): CInlineAction->runWithParams(Array)
#12 /Applications/XAMPP/xamppfiles/htdocs/yii-1.1.14/web/CController.php(286): CController->runAction(Object(CInlineAction))
#13 /Applications/XAMPP/xamppfiles/htdocs/yii-1.1.14/web/CController.php(265): CController->runActionWithFilters(Object(CInlineAction), Array)
#14 /Applications/XAMPP/xamppfiles/htdocs/yii-1.1.14/web/CWebApplication.php(282): CController->run('list')
#15 /Applications/XAMPP/xamppfiles/htdocs/yii-1.1.14/web/CWebApplication.php(141): CWebApplication->runController('tbm/meeting/lis...')
#16 /Applications/XAMPP/xamppfiles/htdocs/yii-1.1.14/base/CApplication.php(180): CWebApplication->processRequest()
#17 /Applications/XAMPP/xamppfiles/htdocs/ctmgr/index.php(24): CApplication->run()
#18 {main}
REQUEST_URI=/ctmgr/index.php?r=tbm/meeting/list
HTTP_REFERER=http://localhost/ctmgr/index.php?r=dboard
---
2015/06/30 11:05:47 [error] [system.db.CDbCommand] CDbCommand::fetchColumn() failed: SQLSTATE[42S22]: Column not found: 1054 Unknown column 'contractor_id' in 'where clause'. The SQL statement executed was: SELECT COUNT(*) FROM `tbm_meeting_basic` `t` WHERE contractor_id=:contractor_id.
in /Applications/XAMPP/xamppfiles/htdocs/ctmgr/protected/controllers/DboardController.php (45)
in /Applications/XAMPP/xamppfiles/htdocs/ctmgr/protected/controllers/DboardController.php (19)
in /Applications/XAMPP/xamppfiles/htdocs/ctmgr/index.php (24)
2015/06/30 11:05:47 [error] [exception.CDbException] exception 'CDbException' with message 'CDbCommand 无法执行 SQL 语句: SQLSTATE[42S22]: Column not found: 1054 Unknown column 'contractor_id' in 'where clause'. The SQL statement executed was: SELECT COUNT(*) FROM `tbm_meeting_basic` `t` WHERE contractor_id=:contractor_id' in /Applications/XAMPP/xamppfiles/htdocs/yii-1.1.14/db/CDbCommand.php:543
Stack trace:
#0 /Applications/XAMPP/xamppfiles/htdocs/yii-1.1.14/db/CDbCommand.php(433): CDbCommand->queryInternal('fetchColumn', 0, Array)
#1 /Applications/XAMPP/xamppfiles/htdocs/yii-1.1.14/db/ar/CActiveRecord.php(1601): CDbCommand->queryScalar()
#2 /Applications/XAMPP/xamppfiles/htdocs/ctmgr/protected/controllers/DboardController.php(45): CActiveRecord->count('contractor_id=:...', Array)
#3 /Applications/XAMPP/xamppfiles/htdocs/ctmgr/protected/controllers/DboardController.php(19): DboardController->actionMc()
#4 /Applications/XAMPP/xamppfiles/htdocs/yii-1.1.14/web/actions/CInlineAction.php(49): DboardController->actionIndex()
#5 /Applications/XAMPP/xamppfiles/htdocs/yii-1.1.14/web/CController.php(308): CInlineAction->runWithParams(Array)
#6 /Applications/XAMPP/xamppfiles/htdocs/yii-1.1.14/web/filters/CFilterChain.php(133): CController->runAction(Object(CInlineAction))
#7 /Applications/XAMPP/xamppfiles/htdocs/yii-1.1.14/web/filters/CFilter.php(40): CFilterChain->run()
#8 /Applications/XAMPP/xamppfiles/htdocs/yii-1.1.14/web/CController.php(1146): CFilter->filter(Object(CFilterChain))
#9 /Applications/XAMPP/xamppfiles/htdocs/yii-1.1.14/web/filters/CInlineFilter.php(58): CController->filterAccessControl(Object(CFilterChain))
#10 /Applications/XAMPP/xamppfiles/htdocs/yii-1.1.14/web/filters/CFilterChain.php(130): CInlineFilter->filter(Object(CFilterChain))
#11 /Applications/XAMPP/xamppfiles/htdocs/yii-1.1.14/web/CController.php(291): CFilterChain->run()
#12 /Applications/XAMPP/xamppfiles/htdocs/yii-1.1.14/web/CController.php(265): CController->runActionWithFilters(Object(CInlineAction), Array)
#13 /Applications/XAMPP/xamppfiles/htdocs/yii-1.1.14/web/CWebApplication.php(282): CController->run('')
#14 /Applications/XAMPP/xamppfiles/htdocs/yii-1.1.14/web/CWebApplication.php(141): CWebApplication->runController('dboard')
#15 /Applications/XAMPP/xamppfiles/htdocs/yii-1.1.14/base/CApplication.php(180): CWebApplication->processRequest()
#16 /Applications/XAMPP/xamppfiles/htdocs/ctmgr/index.php(24): CApplication->run()
#17 {main}
REQUEST_URI=/ctmgr/index.php?r=dboard
HTTP_REFERER=http://localhost/ctmgr/index.php?r=dboard
---
2015/06/30 11:07:07 [error] [system.db.CDbCommand] CDbCommand::fetchColumn() failed: SQLSTATE[42000]: Syntax error or access violation: 1064 You have an error in your SQL syntax; check the manual that corresponds to your MySQL server version for the right syntax to use near ''8,10,11,12,13'' at line 1. The SQL statement executed was: SELECT COUNT(*) FROM `tbm_meeting_basic` `t` WHERE program_id IN :program_id.
in /Applications/XAMPP/xamppfiles/htdocs/ctmgr/protected/controllers/DboardController.php (46)
in /Applications/XAMPP/xamppfiles/htdocs/ctmgr/protected/controllers/DboardController.php (19)
in /Applications/XAMPP/xamppfiles/htdocs/ctmgr/index.php (24)
2015/06/30 11:07:07 [error] [exception.CDbException] exception 'CDbException' with message 'CDbCommand 无法执行 SQL 语句: SQLSTATE[42000]: Syntax error or access violation: 1064 You have an error in your SQL syntax; check the manual that corresponds to your MySQL server version for the right syntax to use near ''8,10,11,12,13'' at line 1. The SQL statement executed was: SELECT COUNT(*) FROM `tbm_meeting_basic` `t` WHERE program_id IN :program_id' in /Applications/XAMPP/xamppfiles/htdocs/yii-1.1.14/db/CDbCommand.php:543
Stack trace:
#0 /Applications/XAMPP/xamppfiles/htdocs/yii-1.1.14/db/CDbCommand.php(433): CDbCommand->queryInternal('fetchColumn', 0, Array)
#1 /Applications/XAMPP/xamppfiles/htdocs/yii-1.1.14/db/ar/CActiveRecord.php(1601): CDbCommand->queryScalar()
#2 /Applications/XAMPP/xamppfiles/htdocs/ctmgr/protected/controllers/DboardController.php(46): CActiveRecord->count('program_id IN :...', Array)
#3 /Applications/XAMPP/xamppfiles/htdocs/ctmgr/protected/controllers/DboardController.php(19): DboardController->actionMc()
#4 /Applications/XAMPP/xamppfiles/htdocs/yii-1.1.14/web/actions/CInlineAction.php(49): DboardController->actionIndex()
#5 /Applications/XAMPP/xamppfiles/htdocs/yii-1.1.14/web/CController.php(308): CInlineAction->runWithParams(Array)
#6 /Applications/XAMPP/xamppfiles/htdocs/yii-1.1.14/web/filters/CFilterChain.php(133): CController->runAction(Object(CInlineAction))
#7 /Applications/XAMPP/xamppfiles/htdocs/yii-1.1.14/web/filters/CFilter.php(40): CFilterChain->run()
#8 /Applications/XAMPP/xamppfiles/htdocs/yii-1.1.14/web/CController.php(1146): CFilter->filter(Object(CFilterChain))
#9 /Applications/XAMPP/xamppfiles/htdocs/yii-1.1.14/web/filters/CInlineFilter.php(58): CController->filterAccessControl(Object(CFilterChain))
#10 /Applications/XAMPP/xamppfiles/htdocs/yii-1.1.14/web/filters/CFilterChain.php(130): CInlineFilter->filter(Object(CFilterChain))
#11 /Applications/XAMPP/xamppfiles/htdocs/yii-1.1.14/web/CController.php(291): CFilterChain->run()
#12 /Applications/XAMPP/xamppfiles/htdocs/yii-1.1.14/web/CController.php(265): CController->runActionWithFilters(Object(CInlineAction), Array)
#13 /Applications/XAMPP/xamppfiles/htdocs/yii-1.1.14/web/CWebApplication.php(282): CController->run('')
#14 /Applications/XAMPP/xamppfiles/htdocs/yii-1.1.14/web/CWebApplication.php(141): CWebApplication->runController('dboard')
#15 /Applications/XAMPP/xamppfiles/htdocs/yii-1.1.14/base/CApplication.php(180): CWebApplication->processRequest()
#16 /Applications/XAMPP/xamppfiles/htdocs/ctmgr/index.php(24): CApplication->run()
#17 {main}
REQUEST_URI=/ctmgr/index.php?r=dboard
HTTP_REFERER=http://localhost/ctmgr/index.php?r=dboard
---
2015/06/30 11:10:14 [error] [system.db.CDbCommand] CDbCommand::fetchColumn() failed: SQLSTATE[42000]: Syntax error or access violation: 1064 You have an error in your SQL syntax; check the manual that corresponds to your MySQL server version for the right syntax to use near ''(8,10,11,12,13)'' at line 1. The SQL statement executed was: SELECT COUNT(*) FROM `tbm_meeting_basic` `t` WHERE program_id IN :program_id.
in /Applications/XAMPP/xamppfiles/htdocs/ctmgr/protected/controllers/DboardController.php (48)
in /Applications/XAMPP/xamppfiles/htdocs/ctmgr/protected/controllers/DboardController.php (19)
in /Applications/XAMPP/xamppfiles/htdocs/ctmgr/index.php (24)
2015/06/30 11:10:14 [error] [exception.CDbException] exception 'CDbException' with message 'CDbCommand 无法执行 SQL 语句: SQLSTATE[42000]: Syntax error or access violation: 1064 You have an error in your SQL syntax; check the manual that corresponds to your MySQL server version for the right syntax to use near ''(8,10,11,12,13)'' at line 1. The SQL statement executed was: SELECT COUNT(*) FROM `tbm_meeting_basic` `t` WHERE program_id IN :program_id' in /Applications/XAMPP/xamppfiles/htdocs/yii-1.1.14/db/CDbCommand.php:543
Stack trace:
#0 /Applications/XAMPP/xamppfiles/htdocs/yii-1.1.14/db/CDbCommand.php(433): CDbCommand->queryInternal('fetchColumn', 0, Array)
#1 /Applications/XAMPP/xamppfiles/htdocs/yii-1.1.14/db/ar/CActiveRecord.php(1601): CDbCommand->queryScalar()
#2 /Applications/XAMPP/xamppfiles/htdocs/ctmgr/protected/controllers/DboardController.php(48): CActiveRecord->count('program_id IN :...', Array)
#3 /Applications/XAMPP/xamppfiles/htdocs/ctmgr/protected/controllers/DboardController.php(19): DboardController->actionMc()
#4 /Applications/XAMPP/xamppfiles/htdocs/yii-1.1.14/web/actions/CInlineAction.php(49): DboardController->actionIndex()
#5 /Applications/XAMPP/xamppfiles/htdocs/yii-1.1.14/web/CController.php(308): CInlineAction->runWithParams(Array)
#6 /Applications/XAMPP/xamppfiles/htdocs/yii-1.1.14/web/filters/CFilterChain.php(133): CController->runAction(Object(CInlineAction))
#7 /Applications/XAMPP/xamppfiles/htdocs/yii-1.1.14/web/filters/CFilter.php(40): CFilterChain->run()
#8 /Applications/XAMPP/xamppfiles/htdocs/yii-1.1.14/web/CController.php(1146): CFilter->filter(Object(CFilterChain))
#9 /Applications/XAMPP/xamppfiles/htdocs/yii-1.1.14/web/filters/CInlineFilter.php(58): CController->filterAccessControl(Object(CFilterChain))
#10 /Applications/XAMPP/xamppfiles/htdocs/yii-1.1.14/web/filters/CFilterChain.php(130): CInlineFilter->filter(Object(CFilterChain))
#11 /Applications/XAMPP/xamppfiles/htdocs/yii-1.1.14/web/CController.php(291): CFilterChain->run()
#12 /Applications/XAMPP/xamppfiles/htdocs/yii-1.1.14/web/CController.php(265): CController->runActionWithFilters(Object(CInlineAction), Array)
#13 /Applications/XAMPP/xamppfiles/htdocs/yii-1.1.14/web/CWebApplication.php(282): CController->run('')
#14 /Applications/XAMPP/xamppfiles/htdocs/yii-1.1.14/web/CWebApplication.php(141): CWebApplication->runController('dboard')
#15 /Applications/XAMPP/xamppfiles/htdocs/yii-1.1.14/base/CApplication.php(180): CWebApplication->processRequest()
#16 /Applications/XAMPP/xamppfiles/htdocs/ctmgr/index.php(24): CApplication->run()
#17 {main}
REQUEST_URI=/ctmgr/index.php?r=dboard
HTTP_REFERER=http://localhost/ctmgr/index.php?r=dboard
---
2015/07/03 16:34:08 [error] [exception.CDbException] exception 'CDbException' with message 'CDbConnection failed to open the DB connection: SQLSTATE[HY000] [2002] No such file or directory' in /Applications/XAMPP/xamppfiles/htdocs/yii-1.1.14/db/CDbConnection.php:382
Stack trace:
#0 /Applications/XAMPP/xamppfiles/htdocs/yii-1.1.14/db/CDbConnection.php(330): CDbConnection->open()
#1 /Applications/XAMPP/xamppfiles/htdocs/yii-1.1.14/db/CDbConnection.php(308): CDbConnection->setActive(true)
#2 /Applications/XAMPP/xamppfiles/htdocs/yii-1.1.14/base/CModule.php(387): CDbConnection->init()
#3 /Applications/XAMPP/xamppfiles/htdocs/yii-1.1.14/base/CApplication.php(450): CModule->getComponent('db')
#4 /Applications/XAMPP/xamppfiles/htdocs/yii-1.1.14/db/ar/CActiveRecord.php(634): CApplication->getDb()
#5 /Applications/XAMPP/xamppfiles/htdocs/yii-1.1.14/db/ar/CActiveRecord.php(667): CActiveRecord->getDbConnection()
#6 /Applications/XAMPP/xamppfiles/htdocs/yii-1.1.14/db/ar/CActiveRecord.php(1455): CActiveRecord->getCommandBuilder()
#7 /Applications/XAMPP/xamppfiles/htdocs/ctmgr/protected/components/UserIdentity.php(28): CActiveRecord->find('operator_id=:id...', Array)
#8 /Applications/XAMPP/xamppfiles/htdocs/ctmgr/protected/components/UserIdentity.php(23): UserIdentity->auth_system()
#9 /Applications/XAMPP/xamppfiles/htdocs/ctmgr/protected/controllers/SiteController.php(96): UserIdentity->authenticate()
#10 /Applications/XAMPP/xamppfiles/htdocs/yii-1.1.14/web/actions/CInlineAction.php(49): SiteController->actionLogin()
#11 /Applications/XAMPP/xamppfiles/htdocs/yii-1.1.14/web/CController.php(308): CInlineAction->runWithParams(Array)
#12 /Applications/XAMPP/xamppfiles/htdocs/yii-1.1.14/web/filters/CFilterChain.php(133): CController->runAction(Object(CInlineAction))
#13 /Applications/XAMPP/xamppfiles/htdocs/yii-1.1.14/web/filters/CFilter.php(40): CFilterChain->run()
#14 /Applications/XAMPP/xamppfiles/htdocs/yii-1.1.14/web/CController.php(1146): CFilter->filter(Object(CFilterChain))
#15 /Applications/XAMPP/xamppfiles/htdocs/yii-1.1.14/web/filters/CInlineFilter.php(58): CController->filterAccessControl(Object(CFilterChain))
#16 /Applications/XAMPP/xamppfiles/htdocs/yii-1.1.14/web/filters/CFilterChain.php(130): CInlineFilter->filter(Object(CFilterChain))
#17 /Applications/XAMPP/xamppfiles/htdocs/yii-1.1.14/web/CController.php(291): CFilterChain->run()
#18 /Applications/XAMPP/xamppfiles/htdocs/yii-1.1.14/web/CController.php(265): CController->runActionWithFilters(Object(CInlineAction), Array)
#19 /Applications/XAMPP/xamppfiles/htdocs/yii-1.1.14/web/CWebApplication.php(282): CController->run('login')
#20 /Applications/XAMPP/xamppfiles/htdocs/yii-1.1.14/web/CWebApplication.php(141): CWebApplication->runController('site/login')
#21 /Applications/XAMPP/xamppfiles/htdocs/yii-1.1.14/base/CApplication.php(180): CWebApplication->processRequest()
#22 /Applications/XAMPP/xamppfiles/htdocs/ctmgr/index.php(24): CApplication->run()
#23 {main}
REQUEST_URI=/ctmgr/index.php?r=site/login
HTTP_REFERER=http://localhost/ctmgr/
---
2015/07/28 09:46:01 [error] [php] include(PDO.php): failed to open stream: No such file or directory (/opt/www-nginx/web/yii-1.1.16/YiiBase.php:432)
Stack trace:
#0 unknown(0): spl_autoload_call()
#1 /opt/www-nginx/web/yii-1.1.16/db/CDbConnection.php(441): class_exists()
#2 /opt/www-nginx/web/yii-1.1.16/db/CDbConnection.php(391): CDbConnection->createPdoInstance()
#3 /opt/www-nginx/web/yii-1.1.16/db/CDbConnection.php(347): CDbConnection->open()
#4 /opt/www-nginx/web/yii-1.1.16/db/CDbConnection.php(325): CDbConnection->setActive()
#5 /opt/www-nginx/web/yii-1.1.16/base/CModule.php(394): CDbConnection->init()
#6 /opt/www-nginx/web/yii-1.1.16/base/CApplication.php(458): CWebApplication->getComponent()
#7 /opt/www-nginx/web/yii-1.1.16/db/ar/CActiveRecord.php(637): CWebApplication->getDb()
#8 /opt/www-nginx/web/yii-1.1.16/db/ar/CActiveRecord.php(670): Operator->getDbConnection()
#9 /opt/www-nginx/web/yii-1.1.16/db/ar/CActiveRecord.php(1460): Operator->getCommandBuilder()
#10 /opt/www-nginx/web/ctmgr/protected/components/UserIdentity.php(28): Operator->find()
#11 /opt/www-nginx/web/ctmgr/protected/components/UserIdentity.php(23): UserIdentity->auth_system()
#12 /opt/www-nginx/web/ctmgr/protected/controllers/SiteController.php(96): UserIdentity->authenticate()
#13 /opt/www-nginx/web/yii-1.1.16/web/actions/CInlineAction.php(49): SiteController->actionLogin()
#14 /opt/www-nginx/web/yii-1.1.16/web/CController.php(308): CInlineAction->runWithParams()
#15 /opt/www-nginx/web/yii-1.1.16/web/filters/CFilterChain.php(133): SiteController->runAction()
#16 /opt/www-nginx/web/yii-1.1.16/web/filters/CFilter.php(40): CFilterChain->run()
#17 /opt/www-nginx/web/yii-1.1.16/web/CController.php(1145): CAccessControlFilter->filter()
#18 /opt/www-nginx/web/yii-1.1.16/web/filters/CInlineFilter.php(58): SiteController->filterAccessControl()
#19 /opt/www-nginx/web/yii-1.1.16/web/filters/CFilterChain.php(130): CInlineFilter->filter()
#20 /opt/www-nginx/web/yii-1.1.16/web/CController.php(291): CFilterChain->run()
#21 /opt/www-nginx/web/yii-1.1.16/web/CController.php(265): SiteController->runActionWithFilters()
#22 /opt/www-nginx/web/yii-1.1.16/web/CWebApplication.php(282): SiteController->run()
#23 /opt/www-nginx/web/yii-1.1.16/web/CWebApplication.php(141): CWebApplication->runController()
#24 /opt/www-nginx/web/yii-1.1.16/base/CApplication.php(184): CWebApplication->processRequest()
#25 /opt/www-nginx/web/ctmgr/index.php(21): CWebApplication->run()
REQUEST_URI=/ctmgr/index.php?r=site/login
in /opt/www-nginx/web/ctmgr/protected/components/UserIdentity.php (28)
in /opt/www-nginx/web/ctmgr/protected/components/UserIdentity.php (23)
in /opt/www-nginx/web/ctmgr/protected/controllers/SiteController.php (96)
2015/07/28 09:46:27 [error] [php] include(PDO.php): failed to open stream: No such file or directory (/opt/www-nginx/web/yii-1.1.16/YiiBase.php:432)
Stack trace:
#0 unknown(0): spl_autoload_call()
#1 /opt/www-nginx/web/yii-1.1.16/db/CDbConnection.php(441): class_exists()
#2 /opt/www-nginx/web/yii-1.1.16/db/CDbConnection.php(391): CDbConnection->createPdoInstance()
#3 /opt/www-nginx/web/yii-1.1.16/db/CDbConnection.php(347): CDbConnection->open()
#4 /opt/www-nginx/web/yii-1.1.16/db/CDbConnection.php(325): CDbConnection->setActive()
#5 /opt/www-nginx/web/yii-1.1.16/base/CModule.php(394): CDbConnection->init()
#6 /opt/www-nginx/web/yii-1.1.16/base/CApplication.php(458): CWebApplication->getComponent()
#7 /opt/www-nginx/web/yii-1.1.16/db/ar/CActiveRecord.php(637): CWebApplication->getDb()
#8 /opt/www-nginx/web/yii-1.1.16/db/ar/CActiveRecord.php(670): Operator->getDbConnection()
#9 /opt/www-nginx/web/yii-1.1.16/db/ar/CActiveRecord.php(1460): Operator->getCommandBuilder()
#10 /opt/www-nginx/web/ctmgr/protected/components/UserIdentity.php(28): Operator->find()
#11 /opt/www-nginx/web/ctmgr/protected/components/UserIdentity.php(23): UserIdentity->auth_system()
#12 /opt/www-nginx/web/ctmgr/protected/controllers/SiteController.php(96): UserIdentity->authenticate()
#13 /opt/www-nginx/web/yii-1.1.16/web/actions/CInlineAction.php(49): SiteController->actionLogin()
#14 /opt/www-nginx/web/yii-1.1.16/web/CController.php(308): CInlineAction->runWithParams()
#15 /opt/www-nginx/web/yii-1.1.16/web/filters/CFilterChain.php(133): SiteController->runAction()
#16 /opt/www-nginx/web/yii-1.1.16/web/filters/CFilter.php(40): CFilterChain->run()
#17 /opt/www-nginx/web/yii-1.1.16/web/CController.php(1145): CAccessControlFilter->filter()
#18 /opt/www-nginx/web/yii-1.1.16/web/filters/CInlineFilter.php(58): SiteController->filterAccessControl()
#19 /opt/www-nginx/web/yii-1.1.16/web/filters/CFilterChain.php(130): CInlineFilter->filter()
#20 /opt/www-nginx/web/yii-1.1.16/web/CController.php(291): CFilterChain->run()
#21 /opt/www-nginx/web/yii-1.1.16/web/CController.php(265): SiteController->runActionWithFilters()
#22 /opt/www-nginx/web/yii-1.1.16/web/CWebApplication.php(282): SiteController->run()
#23 /opt/www-nginx/web/yii-1.1.16/web/CWebApplication.php(141): CWebApplication->runController()
#24 /opt/www-nginx/web/yii-1.1.16/base/CApplication.php(184): CWebApplication->processRequest()
#25 /opt/www-nginx/web/ctmgr/index.php(21): CWebApplication->run()
REQUEST_URI=/ctmgr/index.php?r=site/login
in /opt/www-nginx/web/ctmgr/protected/components/UserIdentity.php (28)
in /opt/www-nginx/web/ctmgr/protected/components/UserIdentity.php (23)
in /opt/www-nginx/web/ctmgr/protected/controllers/SiteController.php (96)
2015/07/28 09:49:54 [error] [php] include(PDO.php): failed to open stream: No such file or directory (/opt/www-nginx/web/yii-1.1.16/YiiBase.php:432)
Stack trace:
#0 unknown(0): spl_autoload_call()
#1 /opt/www-nginx/web/yii-1.1.16/db/CDbConnection.php(441): class_exists()
#2 /opt/www-nginx/web/yii-1.1.16/db/CDbConnection.php(391): CDbConnection->createPdoInstance()
#3 /opt/www-nginx/web/yii-1.1.16/db/CDbConnection.php(347): CDbConnection->open()
#4 /opt/www-nginx/web/yii-1.1.16/db/CDbConnection.php(325): CDbConnection->setActive()
#5 /opt/www-nginx/web/yii-1.1.16/base/CModule.php(394): CDbConnection->init()
#6 /opt/www-nginx/web/yii-1.1.16/base/CApplication.php(458): CWebApplication->getComponent()
#7 /opt/www-nginx/web/yii-1.1.16/db/ar/CActiveRecord.php(637): CWebApplication->getDb()
#8 /opt/www-nginx/web/yii-1.1.16/db/ar/CActiveRecord.php(670): Operator->getDbConnection()
#9 /opt/www-nginx/web/yii-1.1.16/db/ar/CActiveRecord.php(1460): Operator->getCommandBuilder()
#10 /opt/www-nginx/web/ctmgr/protected/components/UserIdentity.php(28): Operator->find()
#11 /opt/www-nginx/web/ctmgr/protected/components/UserIdentity.php(23): UserIdentity->auth_system()
#12 /opt/www-nginx/web/ctmgr/protected/controllers/SiteController.php(96): UserIdentity->authenticate()
#13 /opt/www-nginx/web/yii-1.1.16/web/actions/CInlineAction.php(49): SiteController->actionLogin()
#14 /opt/www-nginx/web/yii-1.1.16/web/CController.php(308): CInlineAction->runWithParams()
#15 /opt/www-nginx/web/yii-1.1.16/web/filters/CFilterChain.php(133): SiteController->runAction()
#16 /opt/www-nginx/web/yii-1.1.16/web/filters/CFilter.php(40): CFilterChain->run()
#17 /opt/www-nginx/web/yii-1.1.16/web/CController.php(1145): CAccessControlFilter->filter()
#18 /opt/www-nginx/web/yii-1.1.16/web/filters/CInlineFilter.php(58): SiteController->filterAccessControl()
#19 /opt/www-nginx/web/yii-1.1.16/web/filters/CFilterChain.php(130): CInlineFilter->filter()
#20 /opt/www-nginx/web/yii-1.1.16/web/CController.php(291): CFilterChain->run()
#21 /opt/www-nginx/web/yii-1.1.16/web/CController.php(265): SiteController->runActionWithFilters()
#22 /opt/www-nginx/web/yii-1.1.16/web/CWebApplication.php(282): SiteController->run()
#23 /opt/www-nginx/web/yii-1.1.16/web/CWebApplication.php(141): CWebApplication->runController()
#24 /opt/www-nginx/web/yii-1.1.16/base/CApplication.php(184): CWebApplication->processRequest()
#25 /opt/www-nginx/web/ctmgr/index.php(21): CWebApplication->run()
REQUEST_URI=/ctmgr/index.php?r=site/login
in /opt/www-nginx/web/ctmgr/protected/components/UserIdentity.php (28)
in /opt/www-nginx/web/ctmgr/protected/components/UserIdentity.php (23)
in /opt/www-nginx/web/ctmgr/protected/controllers/SiteController.php (96)
2015/07/30 09:54:51 [error] [php] include(/opt/www-nginx/web/ctmgr/protected/extensions/tcpdf/TCPDF.php): failed to open stream: No such file or directory (/opt/www-nginx/web/yii-1.1.16/YiiBase.php:404)
Stack trace:
#0 /opt/www-nginx/web/ctmgr/protected/modules/license/controllers/LicensepdfController.php(91): spl_autoload_call()
#1 /opt/www-nginx/web/yii-1.1.16/web/actions/CInlineAction.php(49): actionDownload()
#2 /opt/www-nginx/web/yii-1.1.16/web/CController.php(308): CInlineAction->runWithParams()
#3 /opt/www-nginx/web/yii-1.1.16/web/CController.php(286): LicensepdfController->runAction()
#4 /opt/www-nginx/web/yii-1.1.16/web/CController.php(265): LicensepdfController->runActionWithFilters()
#5 /opt/www-nginx/web/yii-1.1.16/web/CWebApplication.php(282): LicensepdfController->run()
#6 /opt/www-nginx/web/yii-1.1.16/web/CWebApplication.php(141): CWebApplication->runController()
#7 /opt/www-nginx/web/yii-1.1.16/base/CApplication.php(184): CWebApplication->processRequest()
#8 /opt/www-nginx/web/ctmgr/index.php(21): CWebApplication->run()
REQUEST_URI=/ctmgr/index.php?r=license/licensepdf/download&apply_id=Android000057
in /opt/www-nginx/web/ctmgr/protected/modules/license/controllers/LicensepdfController.php (91)
in /opt/www-nginx/web/ctmgr/index.php (21)
